{"/home/patrick2/1-projects/5-yoga-redux-back/app/config/db.js": {"path":"/home/patrick2/1-projects/5-yoga-redux-back/app/config/db.js","statementMap":{"0":{"start":{"line":14,"column":14},"end":{"line":14,"column":41}},"1":{"start":{"line":15,"column":17},"end":{"line":15,"column":30}},"2":{"start":{"line":17,"column":15},"end":{"line":19,"column":1}},"3":{"start":{"line":21,"column":0},"end":{"line":27,"column":1}},"4":{"start":{"line":24,"column":2},"end":{"line":26,"column":4}},"5":{"start":{"line":29,"column":13},"end":{"line":29,"column":29}},"6":{"start":{"line":31,"column":0},"end":{"line":36,"column":2}},"7":{"start":{"line":34,"column":4},"end":{"line":34,"column":48}}},"fnMap":{"0":{"name":"(anonymous_0)","decl":{"start":{"line":33,"column":2},"end":{"line":33,"column":3}},"loc":{"start":{"line":33,"column":25},"end":{"line":35,"column":3}},"line":33}},"branchMap":{"0":{"loc":{"start":{"line":21,"column":0},"end":{"line":27,"column":1}},"type":"if","locations":[{"start":{"line":21,"column":0},"end":{"line":27,"column":1}},{"start":{},"end":{}}],"line":21}},"s":{"0":1,"1":1,"2":1,"3":1,"4":0,"5":1,"6":1,"7":5},"f":{"0":5},"b":{"0":[0,1]},"_coverageSchema":"1a1c01bbd47fc00a2c39e90264f33305004495a9","hash":"82e114d0c4454bfc32394871b9d8a06dd48dbe6e"}
,"/home/patrick2/1-projects/5-yoga-redux-back/app/controllers/api/user.js": {"path":"/home/patrick2/1-projects/5-yoga-redux-back/app/controllers/api/user.js","statementMap":{"0":{"start":{"line":1,"column":15},"end":{"line":1,"column":32}},"1":{"start":{"line":2,"column":14},"end":{"line":2,"column":49}},"2":{"start":{"line":3,"column":12},"end":{"line":3,"column":35}},"3":{"start":{"line":4,"column":23},"end":{"line":4,"column":56}},"4":{"start":{"line":5,"column":21},"end":{"line":5,"column":58}},"5":{"start":{"line":7,"column":0},"end":{"line":143,"column":2}},"6":{"start":{"line":17,"column":4},"end":{"line":17,"column":28}},"7":{"start":{"line":20,"column":17},"end":{"line":20,"column":68}},"8":{"start":{"line":21,"column":4},"end":{"line":24,"column":5}},"9":{"start":{"line":22,"column":6},"end":{"line":22,"column":70}},"10":{"start":{"line":23,"column":6},"end":{"line":23,"column":97}},"11":{"start":{"line":25,"column":4},"end":{"line":25,"column":55}},"12":{"start":{"line":27,"column":4},"end":{"line":27,"column":65}},"13":{"start":{"line":28,"column":20},"end":{"line":28,"column":57}},"14":{"start":{"line":29,"column":4},"end":{"line":29,"column":19}},"15":{"start":{"line":30,"column":4},"end":{"line":38,"column":7}},"16":{"start":{"line":48,"column":4},"end":{"line":48,"column":33}},"17":{"start":{"line":50,"column":17},"end":{"line":50,"column":68}},"18":{"start":{"line":51,"column":4},"end":{"line":54,"column":5}},"19":{"start":{"line":52,"column":6},"end":{"line":52,"column":34}},"20":{"start":{"line":53,"column":6},"end":{"line":53,"column":84}},"21":{"start":{"line":55,"column":4},"end":{"line":55,"column":40}},"22":{"start":{"line":57,"column":4},"end":{"line":82,"column":5}},"23":{"start":{"line":58,"column":6},"end":{"line":58,"column":35}},"24":{"start":{"line":60,"column":6},"end":{"line":60,"column":27}},"25":{"start":{"line":61,"column":6},"end":{"line":61,"column":29}},"26":{"start":{"line":62,"column":6},"end":{"line":77,"column":9}},"27":{"start":{"line":67,"column":8},"end":{"line":67,"column":34}},"28":{"start":{"line":68,"column":8},"end":{"line":76,"column":11}},"29":{"start":{"line":80,"column":6},"end":{"line":80,"column":28}},"30":{"start":{"line":81,"column":6},"end":{"line":81,"column":84}},"31":{"start":{"line":92,"column":4},"end":{"line":92,"column":30}},"32":{"start":{"line":93,"column":17},"end":{"line":93,"column":64}},"33":{"start":{"line":94,"column":4},"end":{"line":97,"column":5}},"34":{"start":{"line":95,"column":6},"end":{"line":95,"column":46}},"35":{"start":{"line":96,"column":6},"end":{"line":96,"column":64}},"36":{"start":{"line":98,"column":4},"end":{"line":98,"column":25}},"37":{"start":{"line":99,"column":4},"end":{"line":99,"column":27}},"38":{"start":{"line":100,"column":4},"end":{"line":100,"column":38}},"39":{"start":{"line":110,"column":4},"end":{"line":110,"column":32}},"40":{"start":{"line":111,"column":17},"end":{"line":111,"column":64}},"41":{"start":{"line":112,"column":4},"end":{"line":118,"column":5}},"42":{"start":{"line":113,"column":21},"end":{"line":113,"column":63}},"43":{"start":{"line":114,"column":6},"end":{"line":116,"column":7}},"44":{"start":{"line":115,"column":8},"end":{"line":115,"column":64}},"45":{"start":{"line":117,"column":6},"end":{"line":117,"column":87}},"46":{"start":{"line":119,"column":4},"end":{"line":119,"column":62}},"47":{"start":{"line":129,"column":4},"end":{"line":129,"column":25}},"48":{"start":{"line":130,"column":17},"end":{"line":130,"column":64}},"49":{"start":{"line":131,"column":4},"end":{"line":140,"column":5}},"50":{"start":{"line":132,"column":6},"end":{"line":134,"column":7}},"51":{"start":{"line":133,"column":8},"end":{"line":133,"column":69}},"52":{"start":{"line":135,"column":26},"end":{"line":135,"column":78}},"53":{"start":{"line":136,"column":6},"end":{"line":136,"column":41}},"54":{"start":{"line":137,"column":6},"end":{"line":137,"column":34}},"55":{"start":{"line":138,"column":6},"end":{"line":138,"column":36}},"56":{"start":{"line":139,"column":6},"end":{"line":139,"column":47}},"57":{"start":{"line":141,"column":4},"end":{"line":141,"column":62}}},"fnMap":{"0":{"name":"(anonymous_0)","decl":{"start":{"line":16,"column":2},"end":{"line":16,"column":3}},"loc":{"start":{"line":16,"column":28},"end":{"line":39,"column":3}},"line":16},"1":{"name":"(anonymous_1)","decl":{"start":{"line":47,"column":2},"end":{"line":47,"column":3}},"loc":{"start":{"line":47,"column":33},"end":{"line":83,"column":3}},"line":47},"2":{"name":"(anonymous_2)","decl":{"start":{"line":66,"column":9},"end":{"line":66,"column":10}},"loc":{"start":{"line":66,"column":25},"end":{"line":77,"column":7}},"line":66},"3":{"name":"(anonymous_3)","decl":{"start":{"line":91,"column":2},"end":{"line":91,"column":3}},"loc":{"start":{"line":91,"column":30},"end":{"line":101,"column":3}},"line":91},"4":{"name":"(anonymous_4)","decl":{"start":{"line":109,"column":2},"end":{"line":109,"column":3}},"loc":{"start":{"line":109,"column":32},"end":{"line":120,"column":3}},"line":109},"5":{"name":"(anonymous_5)","decl":{"start":{"line":128,"column":2},"end":{"line":128,"column":3}},"loc":{"start":{"line":128,"column":25},"end":{"line":142,"column":3}},"line":128}},"branchMap":{"0":{"loc":{"start":{"line":21,"column":4},"end":{"line":24,"column":5}},"type":"if","locations":[{"start":{"line":21,"column":4},"end":{"line":24,"column":5}},{"start":{},"end":{}}],"line":21},"1":{"loc":{"start":{"line":51,"column":4},"end":{"line":54,"column":5}},"type":"if","locations":[{"start":{"line":51,"column":4},"end":{"line":54,"column":5}},{"start":{},"end":{}}],"line":51},"2":{"loc":{"start":{"line":57,"column":4},"end":{"line":82,"column":5}},"type":"if","locations":[{"start":{"line":57,"column":4},"end":{"line":82,"column":5}},{"start":{"line":78,"column":11},"end":{"line":82,"column":5}}],"line":57},"3":{"loc":{"start":{"line":94,"column":4},"end":{"line":97,"column":5}},"type":"if","locations":[{"start":{"line":94,"column":4},"end":{"line":97,"column":5}},{"start":{},"end":{}}],"line":94},"4":{"loc":{"start":{"line":112,"column":4},"end":{"line":118,"column":5}},"type":"if","locations":[{"start":{"line":112,"column":4},"end":{"line":118,"column":5}},{"start":{},"end":{}}],"line":112},"5":{"loc":{"start":{"line":114,"column":6},"end":{"line":116,"column":7}},"type":"if","locations":[{"start":{"line":114,"column":6},"end":{"line":116,"column":7}},{"start":{},"end":{}}],"line":114},"6":{"loc":{"start":{"line":131,"column":4},"end":{"line":140,"column":5}},"type":"if","locations":[{"start":{"line":131,"column":4},"end":{"line":140,"column":5}},{"start":{},"end":{}}],"line":131},"7":{"loc":{"start":{"line":132,"column":6},"end":{"line":134,"column":7}},"type":"if","locations":[{"start":{"line":132,"column":6},"end":{"line":134,"column":7}},{"start":{},"end":{}}],"line":132}},"s":{"0":1,"1":1,"2":1,"3":1,"4":1,"5":1,"6":2,"7":2,"8":1,"9":0,"10":0,"11":1,"12":1,"13":1,"14":1,"15":1,"16":0,"17":0,"18":0,"19":0,"20":0,"21":0,"22":0,"23":0,"24":0,"25":0,"26":0,"27":0,"28":0,"29":0,"30":0,"31":0,"32":0,"33":0,"34":0,"35":0,"36":0,"37":0,"38":0,"39":0,"40":0,"41":0,"42":0,"43":0,"44":0,"45":0,"46":0,"47":0,"48":0,"49":0,"50":0,"51":0,"52":0,"53":0,"54":0,"55":0,"56":0,"57":0},"f":{"0":2,"1":0,"2":0,"3":0,"4":0,"5":0},"b":{"0":[0,1],"1":[0,0],"2":[0,0],"3":[0,0],"4":[0,0],"5":[0,0],"6":[0,0],"7":[0,0]},"_coverageSchema":"1a1c01bbd47fc00a2c39e90264f33305004495a9","hash":"e9dfccb8a42f538bdc2bb08797a1143725edf7a4"}
,"/home/patrick2/1-projects/5-yoga-redux-back/app/datamappers/user.js": {"path":"/home/patrick2/1-projects/5-yoga-redux-back/app/datamappers/user.js","statementMap":{"0":{"start":{"line":1,"column":14},"end":{"line":1,"column":49}},"1":{"start":{"line":2,"column":15},"end":{"line":2,"column":38}},"2":{"start":{"line":36,"column":0},"end":{"line":123,"column":2}},"3":{"start":{"line":44,"column":4},"end":{"line":44,"column":33}},"4":{"start":{"line":45,"column":19},"end":{"line":45,"column":88}},"5":{"start":{"line":46,"column":4},"end":{"line":48,"column":5}},"6":{"start":{"line":47,"column":6},"end":{"line":47,"column":23}},"7":{"start":{"line":50,"column":4},"end":{"line":50,"column":26}},"8":{"start":{"line":59,"column":4},"end":{"line":59,"column":27}},"9":{"start":{"line":60,"column":19},"end":{"line":60,"column":82}},"10":{"start":{"line":62,"column":4},"end":{"line":64,"column":5}},"11":{"start":{"line":63,"column":6},"end":{"line":63,"column":23}},"12":{"start":{"line":66,"column":4},"end":{"line":66,"column":26}},"13":{"start":{"line":75,"column":4},"end":{"line":75,"column":25}},"14":{"start":{"line":76,"column":22},"end":{"line":83,"column":5}},"15":{"start":{"line":85,"column":4},"end":{"line":85,"column":29}},"16":{"start":{"line":94,"column":4},"end":{"line":94,"column":25}},"17":{"start":{"line":95,"column":19},"end":{"line":95,"column":95}},"18":{"start":{"line":95,"column":67},"end":{"line":95,"column":94}},"19":{"start":{"line":96,"column":19},"end":{"line":96,"column":47}},"20":{"start":{"line":98,"column":22},"end":{"line":106,"column":5}},"21":{"start":{"line":107,"column":4},"end":{"line":107,"column":29}},"22":{"start":{"line":116,"column":4},"end":{"line":116,"column":25}},"23":{"start":{"line":117,"column":19},"end":{"line":117,"column":79}},"24":{"start":{"line":121,"column":4},"end":{"line":121,"column":29}}},"fnMap":{"0":{"name":"(anonymous_0)","decl":{"start":{"line":43,"column":2},"end":{"line":43,"column":3}},"loc":{"start":{"line":43,"column":30},"end":{"line":51,"column":3}},"line":43},"1":{"name":"(anonymous_1)","decl":{"start":{"line":58,"column":2},"end":{"line":58,"column":3}},"loc":{"start":{"line":58,"column":24},"end":{"line":67,"column":3}},"line":58},"2":{"name":"(anonymous_2)","decl":{"start":{"line":74,"column":2},"end":{"line":74,"column":3}},"loc":{"start":{"line":74,"column":21},"end":{"line":86,"column":3}},"line":74},"3":{"name":"(anonymous_3)","decl":{"start":{"line":93,"column":2},"end":{"line":93,"column":3}},"loc":{"start":{"line":93,"column":34},"end":{"line":108,"column":3}},"line":93},"4":{"name":"(anonymous_4)","decl":{"start":{"line":95,"column":50},"end":{"line":95,"column":51}},"loc":{"start":{"line":95,"column":67},"end":{"line":95,"column":94}},"line":95},"5":{"name":"(anonymous_5)","decl":{"start":{"line":115,"column":2},"end":{"line":115,"column":3}},"loc":{"start":{"line":115,"column":19},"end":{"line":122,"column":3}},"line":115}},"branchMap":{"0":{"loc":{"start":{"line":46,"column":4},"end":{"line":48,"column":5}},"type":"if","locations":[{"start":{"line":46,"column":4},"end":{"line":48,"column":5}},{"start":{},"end":{}}],"line":46},"1":{"loc":{"start":{"line":62,"column":4},"end":{"line":64,"column":5}},"type":"if","locations":[{"start":{"line":62,"column":4},"end":{"line":64,"column":5}},{"start":{},"end":{}}],"line":62}},"s":{"0":1,"1":1,"2":1,"3":3,"4":3,"5":2,"6":1,"7":1,"8":0,"9":0,"10":0,"11":0,"12":0,"13":1,"14":1,"15":1,"16":0,"17":0,"18":0,"19":0,"20":0,"21":0,"22":1,"23":1,"24":1},"f":{"0":3,"1":0,"2":1,"3":0,"4":0,"5":1},"b":{"0":[1,1],"1":[0,0]},"_coverageSchema":"1a1c01bbd47fc00a2c39e90264f33305004495a9","hash":"a493a333f03b36a272068bbc84004a19421e781d"}
,"/home/patrick2/1-projects/5-yoga-redux-back/app/errors/apiError.js": {"path":"/home/patrick2/1-projects/5-yoga-redux-back/app/errors/apiError.js","statementMap":{"0":{"start":{"line":13,"column":0},"end":{"line":18,"column":2}},"1":{"start":{"line":15,"column":4},"end":{"line":15,"column":19}},"2":{"start":{"line":16,"column":4},"end":{"line":16,"column":23}}},"fnMap":{"0":{"name":"(anonymous_0)","decl":{"start":{"line":14,"column":2},"end":{"line":14,"column":3}},"loc":{"start":{"line":14,"column":30},"end":{"line":17,"column":3}},"line":14}},"branchMap":{},"s":{"0":1,"1":0,"2":0},"f":{"0":0},"b":{},"_coverageSchema":"1a1c01bbd47fc00a2c39e90264f33305004495a9","hash":"e42f207aa413420ae0f97aabe624cbcfcf10662d"}
,"/home/patrick2/1-projects/5-yoga-redux-back/app/helpers/errorHandler.js": {"path":"/home/patrick2/1-projects/5-yoga-redux-back/app/helpers/errorHandler.js","statementMap":{"0":{"start":{"line":1,"column":14},"end":{"line":1,"column":46}},"1":{"start":{"line":7,"column":17},"end":{"line":7,"column":46}},"2":{"start":{"line":14,"column":21},"end":{"line":45,"column":1}},"3":{"start":{"line":15,"column":2},"end":{"line":15,"column":24}},"4":{"start":{"line":16,"column":20},"end":{"line":16,"column":23}},"5":{"start":{"line":17,"column":19},"end":{"line":17,"column":40}},"6":{"start":{"line":19,"column":2},"end":{"line":21,"column":3}},"7":{"start":{"line":20,"column":4},"end":{"line":20,"column":21}},"8":{"start":{"line":28,"column":2},"end":{"line":30,"column":3}},"9":{"start":{"line":29,"column":4},"end":{"line":29,"column":38}},"10":{"start":{"line":32,"column":2},"end":{"line":44,"column":3}},"11":{"start":{"line":33,"column":4},"end":{"line":37,"column":7}},"12":{"start":{"line":39,"column":4},"end":{"line":43,"column":7}},"13":{"start":{"line":47,"column":0},"end":{"line":50,"column":2}}},"fnMap":{"0":{"name":"(anonymous_0)","decl":{"start":{"line":14,"column":21},"end":{"line":14,"column":22}},"loc":{"start":{"line":14,"column":35},"end":{"line":45,"column":1}},"line":14}},"branchMap":{"0":{"loc":{"start":{"line":19,"column":2},"end":{"line":21,"column":3}},"type":"if","locations":[{"start":{"line":19,"column":2},"end":{"line":21,"column":3}},{"start":{},"end":{}}],"line":19},"1":{"loc":{"start":{"line":19,"column":6},"end":{"line":19,"column":53}},"type":"binary-expr","locations":[{"start":{"line":19,"column":6},"end":{"line":19,"column":17}},{"start":{"line":19,"column":21},"end":{"line":19,"column":53}}],"line":19},"2":{"loc":{"start":{"line":28,"column":2},"end":{"line":30,"column":3}},"type":"if","locations":[{"start":{"line":28,"column":2},"end":{"line":30,"column":3}},{"start":{},"end":{}}],"line":28},"3":{"loc":{"start":{"line":28,"column":6},"end":{"line":28,"column":64}},"type":"binary-expr","locations":[{"start":{"line":28,"column":6},"end":{"line":28,"column":24}},{"start":{"line":28,"column":28},"end":{"line":28,"column":64}}],"line":28},"4":{"loc":{"start":{"line":32,"column":2},"end":{"line":44,"column":3}},"type":"if","locations":[{"start":{"line":32,"column":2},"end":{"line":44,"column":3}},{"start":{"line":38,"column":9},"end":{"line":44,"column":3}}],"line":32}},"s":{"0":1,"1":1,"2":1,"3":0,"4":0,"5":0,"6":0,"7":0,"8":0,"9":0,"10":0,"11":0,"12":0,"13":1},"f":{"0":0},"b":{"0":[0,0],"1":[0,0],"2":[0,0],"3":[0,0],"4":[0,0]},"_coverageSchema":"1a1c01bbd47fc00a2c39e90264f33305004495a9","hash":"8379cbb17e031c69a08c778c386b1246e13f1c18"}
,"/home/patrick2/1-projects/5-yoga-redux-back/app/helpers/sanitizeReqDomPurify.js": {"path":"/home/patrick2/1-projects/5-yoga-redux-back/app/helpers/sanitizeReqDomPurify.js","statementMap":{"0":{"start":{"line":1,"column":14},"end":{"line":1,"column":50}},"1":{"start":{"line":2,"column":18},"end":{"line":2,"column":49}},"2":{"start":{"line":4,"column":24},"end":{"line":13,"column":1}},"3":{"start":{"line":5,"column":2},"end":{"line":12,"column":3}},"4":{"start":{"line":6,"column":4},"end":{"line":8,"column":7}},"5":{"start":{"line":7,"column":6},"end":{"line":7,"column":68}},"6":{"start":{"line":9,"column":4},"end":{"line":9,"column":19}},"7":{"start":{"line":11,"column":4},"end":{"line":11,"column":24}},"8":{"start":{"line":17,"column":29},"end":{"line":23,"column":1}},"9":{"start":{"line":17,"column":39},"end":{"line":23,"column":1}},"10":{"start":{"line":18,"column":2},"end":{"line":18,"column":33}},"11":{"start":{"line":19,"column":2},"end":{"line":21,"column":3}},"12":{"start":{"line":20,"column":4},"end":{"line":20,"column":45}},"13":{"start":{"line":22,"column":2},"end":{"line":22,"column":9}},"14":{"start":{"line":25,"column":0},"end":{"line":28,"column":2}}},"fnMap":{"0":{"name":"(anonymous_0)","decl":{"start":{"line":4,"column":24},"end":{"line":4,"column":25}},"loc":{"start":{"line":4,"column":43},"end":{"line":13,"column":1}},"line":4},"1":{"name":"(anonymous_1)","decl":{"start":{"line":6,"column":39},"end":{"line":6,"column":40}},"loc":{"start":{"line":6,"column":49},"end":{"line":8,"column":5}},"line":6},"2":{"name":"(anonymous_2)","decl":{"start":{"line":17,"column":29},"end":{"line":17,"column":30}},"loc":{"start":{"line":17,"column":39},"end":{"line":23,"column":1}},"line":17},"3":{"name":"(anonymous_3)","decl":{"start":{"line":17,"column":39},"end":{"line":17,"column":40}},"loc":{"start":{"line":17,"column":67},"end":{"line":23,"column":1}},"line":17}},"branchMap":{"0":{"loc":{"start":{"line":5,"column":2},"end":{"line":12,"column":3}},"type":"if","locations":[{"start":{"line":5,"column":2},"end":{"line":12,"column":3}},{"start":{"line":10,"column":9},"end":{"line":12,"column":3}}],"line":5},"1":{"loc":{"start":{"line":19,"column":2},"end":{"line":21,"column":3}},"type":"if","locations":[{"start":{"line":19,"column":2},"end":{"line":21,"column":3}},{"start":{},"end":{}}],"line":19}},"s":{"0":1,"1":1,"2":1,"3":3,"4":2,"5":2,"6":2,"7":1,"8":1,"9":0,"10":0,"11":0,"12":0,"13":0,"14":1},"f":{"0":3,"1":2,"2":0,"3":0},"b":{"0":[2,1],"1":[0,0]},"_coverageSchema":"1a1c01bbd47fc00a2c39e90264f33305004495a9","hash":"82b957e10a84609837fa49d3ac0c310c2d23f761"}
}
