TN:
SF:app/config/db.js
FN:33,(anonymous_0)
FNF:1
FNH:1
FNDA:5,(anonymous_0)
DA:14,1
DA:15,1
DA:17,1
DA:21,1
DA:24,0
DA:29,1
DA:31,1
DA:34,5
LF:8
LH:7
BRDA:21,0,0,0
BRDA:21,0,1,1
BRF:2
BRH:1
end_of_record
TN:
SF:app/controllers/api/user.js
FN:16,(anonymous_0)
FN:47,(anonymous_1)
FN:66,(anonymous_2)
FN:91,(anonymous_3)
FN:109,(anonymous_4)
FN:128,(anonymous_5)
FNF:6
FNH:1
FNDA:2,(anonymous_0)
FNDA:0,(anonymous_1)
FNDA:0,(anonymous_2)
FNDA:0,(anonymous_3)
FNDA:0,(anonymous_4)
FNDA:0,(anonymous_5)
DA:1,1
DA:2,1
DA:3,1
DA:4,1
DA:5,1
DA:7,1
DA:17,2
DA:20,2
DA:21,1
DA:22,0
DA:23,0
DA:25,1
DA:27,1
DA:28,1
DA:29,1
DA:30,1
DA:48,0
DA:50,0
DA:51,0
DA:52,0
DA:53,0
DA:55,0
DA:57,0
DA:58,0
DA:60,0
DA:61,0
DA:62,0
DA:67,0
DA:68,0
DA:80,0
DA:81,0
DA:92,0
DA:93,0
DA:94,0
DA:95,0
DA:96,0
DA:98,0
DA:99,0
DA:100,0
DA:110,0
DA:111,0
DA:112,0
DA:113,0
DA:114,0
DA:115,0
DA:117,0
DA:119,0
DA:129,0
DA:130,0
DA:131,0
DA:132,0
DA:133,0
DA:135,0
DA:136,0
DA:137,0
DA:138,0
DA:139,0
DA:141,0
LF:58
LH:14
BRDA:21,0,0,0
BRDA:21,0,1,1
BRDA:51,1,0,0
BRDA:51,1,1,0
BRDA:57,2,0,0
BRDA:57,2,1,0
BRDA:94,3,0,0
BRDA:94,3,1,0
BRDA:112,4,0,0
BRDA:112,4,1,0
BRDA:114,5,0,0
BRDA:114,5,1,0
BRDA:131,6,0,0
BRDA:131,6,1,0
BRDA:132,7,0,0
BRDA:132,7,1,0
BRF:16
BRH:1
end_of_record
TN:
SF:app/datamappers/user.js
FN:43,(anonymous_0)
FN:58,(anonymous_1)
FN:74,(anonymous_2)
FN:93,(anonymous_3)
FN:95,(anonymous_4)
FN:115,(anonymous_5)
FNF:6
FNH:3
FNDA:3,(anonymous_0)
FNDA:0,(anonymous_1)
FNDA:1,(anonymous_2)
FNDA:0,(anonymous_3)
FNDA:0,(anonymous_4)
FNDA:1,(anonymous_5)
DA:1,1
DA:2,1
DA:36,1
DA:44,3
DA:45,3
DA:46,2
DA:47,1
DA:50,1
DA:59,0
DA:60,0
DA:62,0
DA:63,0
DA:66,0
DA:75,1
DA:76,1
DA:85,1
DA:94,0
DA:95,0
DA:96,0
DA:98,0
DA:107,0
DA:116,1
DA:117,1
DA:121,1
LF:24
LH:14
BRDA:46,0,0,1
BRDA:46,0,1,1
BRDA:62,1,0,0
BRDA:62,1,1,0
BRF:4
BRH:2
end_of_record
TN:
SF:app/errors/apiError.js
FN:14,(anonymous_0)
FNF:1
FNH:0
FNDA:0,(anonymous_0)
DA:13,1
DA:15,0
DA:16,0
LF:3
LH:1
BRF:0
BRH:0
end_of_record
TN:
SF:app/helpers/errorHandler.js
FN:14,(anonymous_0)
FNF:1
FNH:0
FNDA:0,(anonymous_0)
DA:1,1
DA:7,1
DA:14,1
DA:15,0
DA:16,0
DA:17,0
DA:19,0
DA:20,0
DA:28,0
DA:29,0
DA:32,0
DA:33,0
DA:39,0
DA:47,1
LF:14
LH:4
BRDA:19,0,0,0
BRDA:19,0,1,0
BRDA:19,1,0,0
BRDA:19,1,1,0
BRDA:28,2,0,0
BRDA:28,2,1,0
BRDA:28,3,0,0
BRDA:28,3,1,0
BRDA:32,4,0,0
BRDA:32,4,1,0
BRF:10
BRH:0
end_of_record
TN:
SF:app/helpers/sanitizeReqDomPurify.js
FN:4,(anonymous_0)
FN:6,(anonymous_1)
FN:17,(anonymous_2)
FN:17,(anonymous_3)
FNF:4
FNH:2
FNDA:3,(anonymous_0)
FNDA:2,(anonymous_1)
FNDA:0,(anonymous_2)
FNDA:0,(anonymous_3)
DA:1,1
DA:2,1
DA:4,1
DA:5,3
DA:6,2
DA:7,2
DA:9,2
DA:11,1
DA:17,1
DA:18,0
DA:19,0
DA:20,0
DA:22,0
DA:25,1
LF:14
LH:10
BRDA:5,0,0,2
BRDA:5,0,1,1
BRDA:19,1,0,0
BRDA:19,1,1,0
BRF:4
BRH:2
end_of_record
